<?xml version="1.0" encoding="UTF-8"?>
<testsuite name="hello.jdbc.exception.basic.CheckedAppTest" tests="1" skipped="0" failures="0" errors="0" timestamp="2024-09-10T16:29:23" hostname="gangujucBookPro" time="0.03">
  <properties/>
  <testcase name="checked()" classname="hello.jdbc.exception.basic.CheckedAppTest" time="0.03"/>
  <system-out><![CDATA[]]></system-out>
  <system-err><![CDATA[]]></system-err>
</testsuite>
